{"D:\\React-Js\\React-Redux-Thunk-Project\\src\\Pages\\Login.jsx": {"path":"D:\\React-Js\\React-Redux-Thunk-Project\\src\\Pages\\Login.jsx","statementMap":{"0":{"start":{"line":5,"column":28},"end":{"line":5,"column":40}},"1":{"start":{"line":6,"column":34},"end":{"line":6,"column":46}},"2":{"start":{"line":8,"column":27},"end":{"line":12,"column":3}},"3":{"start":{"line":9,"column":4},"end":{"line":9,"column":23}},"4":{"start":{"line":10,"column":4},"end":{"line":10,"column":37}},"5":{"start":{"line":11,"column":4},"end":{"line":11,"column":34}},"6":{"start":{"line":13,"column":2},"end":{"line":110,"column":4}},"7":{"start":{"line":48,"column":35},"end":{"line":48,"column":59}},"8":{"start":{"line":80,"column":35},"end":{"line":80,"column":62}}},"fnMap":{"0":{"name":"Login","decl":{"start":{"line":4,"column":24},"end":{"line":4,"column":29}},"loc":{"start":{"line":4,"column":42},"end":{"line":111,"column":1}},"line":4},"1":{"name":"(anonymous_1)","decl":{"start":{"line":8,"column":27},"end":{"line":8,"column":28}},"loc":{"start":{"line":8,"column":34},"end":{"line":12,"column":3}},"line":8},"2":{"name":"(anonymous_2)","decl":{"start":{"line":48,"column":28},"end":{"line":48,"column":29}},"loc":{"start":{"line":48,"column":35},"end":{"line":48,"column":59}},"line":48},"3":{"name":"(anonymous_3)","decl":{"start":{"line":80,"column":28},"end":{"line":80,"column":29}},"loc":{"start":{"line":80,"column":35},"end":{"line":80,"column":62}},"line":80}},"branchMap":{},"s":{"0":3,"1":3,"2":3,"3":1,"4":1,"5":1,"6":3,"7":1,"8":1},"f":{"0":3,"1":1,"2":1,"3":1},"b":{},"_coverageSchema":"1a1c01bbd47fc00a2c39e90264f33305004495a9","hash":"9dc94d3c46b2c8347cc15648361e9162829fd308"}
,"D:\\React-Js\\React-Redux-Thunk-Project\\src\\Pages\\Register.jsx": {"path":"D:\\React-Js\\React-Redux-Thunk-Project\\src\\Pages\\Register.jsx","statementMap":{"0":{"start":{"line":5,"column":17},"end":{"line":57,"column":1}},"1":{"start":{"line":6,"column":29},"end":{"line":6,"column":41}},"2":{"start":{"line":7,"column":35},"end":{"line":7,"column":47}},"3":{"start":{"line":8,"column":49},"end":{"line":8,"column":61}},"4":{"start":{"line":10,"column":23},"end":{"line":14,"column":5}},"5":{"start":{"line":11,"column":8},"end":{"line":11,"column":27}},"6":{"start":{"line":12,"column":8},"end":{"line":12,"column":50}},"7":{"start":{"line":13,"column":8},"end":{"line":13,"column":47}},"8":{"start":{"line":15,"column":2},"end":{"line":56,"column":3}},"9":{"start":{"line":28,"column":90},"end":{"line":28,"column":114}},"10":{"start":{"line":32,"column":114},"end":{"line":32,"column":141}},"11":{"start":{"line":36,"column":135},"end":{"line":36,"column":169}}},"fnMap":{"0":{"name":"(anonymous_0)","decl":{"start":{"line":5,"column":17},"end":{"line":5,"column":18}},"loc":{"start":{"line":5,"column":33},"end":{"line":57,"column":1}},"line":5},"1":{"name":"(anonymous_1)","decl":{"start":{"line":10,"column":23},"end":{"line":10,"column":24}},"loc":{"start":{"line":10,"column":28},"end":{"line":14,"column":5}},"line":10},"2":{"name":"(anonymous_2)","decl":{"start":{"line":28,"column":85},"end":{"line":28,"column":86}},"loc":{"start":{"line":28,"column":90},"end":{"line":28,"column":114}},"line":28},"3":{"name":"(anonymous_3)","decl":{"start":{"line":32,"column":109},"end":{"line":32,"column":110}},"loc":{"start":{"line":32,"column":114},"end":{"line":32,"column":141}},"line":32},"4":{"name":"(anonymous_4)","decl":{"start":{"line":36,"column":130},"end":{"line":36,"column":131}},"loc":{"start":{"line":36,"column":135},"end":{"line":36,"column":169}},"line":36}},"branchMap":{},"s":{"0":1,"1":4,"2":4,"3":4,"4":4,"5":1,"6":1,"7":1,"8":4,"9":1,"10":1,"11":1},"f":{"0":4,"1":1,"2":1,"3":1,"4":1},"b":{},"_coverageSchema":"1a1c01bbd47fc00a2c39e90264f33305004495a9","hash":"5ff37a78c15165a4637894ad9a12cc489534d67f"}
}
