TN:
SF:src\Pages\Login.jsx
FN:4,Login
FN:8,(anonymous_1)
FN:48,(anonymous_2)
FN:80,(anonymous_3)
FNF:4
FNH:4
FNDA:3,Login
FNDA:1,(anonymous_1)
FNDA:1,(anonymous_2)
FNDA:1,(anonymous_3)
DA:5,3
DA:6,3
DA:8,3
DA:9,1
DA:10,1
DA:11,1
DA:13,3
DA:48,1
DA:80,1
LF:9
LH:9
BRF:0
BRH:0
end_of_record
TN:
SF:src\Pages\Register.jsx
FN:5,(anonymous_0)
FN:10,(anonymous_1)
FN:28,(anonymous_2)
FN:32,(anonymous_3)
FN:36,(anonymous_4)
FNF:5
FNH:5
FNDA:4,(anonymous_0)
FNDA:1,(anonymous_1)
FNDA:1,(anonymous_2)
FNDA:1,(anonymous_3)
FNDA:1,(anonymous_4)
DA:5,1
DA:6,4
DA:7,4
DA:8,4
DA:10,4
DA:11,1
DA:12,1
DA:13,1
DA:15,4
DA:28,1
DA:32,1
DA:36,1
LF:12
LH:12
BRF:0
BRH:0
end_of_record
